<?xml version="1.0" encoding="UTF-8"?>
<!-- Generated by org.testng.reporters.JUnitXMLReporter -->
<testsuite ignored="8" hostname="DESKTOP-MA84K88" failures="1" tests="3" name="GroupingTest" time="1.646" errors="0" timestamp="2025-06-18T22:10:32 IST">
  <testcase classname="Grouping.GroupingTesting" name="@AfterClass Logout" time="0.013">
    <failure type="java.lang.NullPointerException" message="Cannot invoke &amp;quot;org.openqa.selenium.WebDriver.quit()&amp;quot; because &amp;quot;this.BrowserDriver&amp;quot; is null">
      <![CDATA[java.lang.NullPointerException: Cannot invoke "org.openqa.selenium.WebDriver.quit()" because "this.BrowserDriver" is null
at Grouping.GroupingTesting.Logout(GroupingTesting.java:69)
at java.base/java.util.ArrayList.forEach(ArrayList.java:1604)
... Removed 24 stack frames]]>
    </failure>
  </testcase> <!-- @AfterClass Logout -->
  <testcase classname="Grouping.LogoutTest" name="LogoutByFacebook" time="0.017"/>
  <testcase classname="Grouping.LogoutTest" name="LogoutByInstgram" time="0.001"/>
  <testcase classname="Grouping.GroupingTesting" name="Profile" time="1.522">
    <failure type="java.lang.NullPointerException" message="Cannot invoke &amp;quot;org.openqa.selenium.WebDriver.findElement(org.openqa.selenium.By)&amp;quot; because &amp;quot;this.BrowserDriver&amp;quot; is null">
      <![CDATA[java.lang.NullPointerException: Cannot invoke "org.openqa.selenium.WebDriver.findElement(org.openqa.selenium.By)" because "this.BrowserDriver" is null
at Grouping.GroupingTesting.Profile(GroupingTesting.java:45)
at java.base/java.util.ArrayList.forEach(ArrayList.java:1604)
... Removed 25 stack frames]]>
    </failure>
  </testcase> <!-- Profile -->
  <testcase classname="Grouping.LoginTest" name="LoginByInstgram" time="0.0">
    <ignored/>
  </testcase> <!-- LoginByInstgram -->
  <testcase classname="Grouping.GroupingTesting" name="Search" time="0.0">
    <ignored/>
  </testcase> <!-- Search -->
  <testcase classname="Grouping.ChatTest" name="ChatByEmail" time="0.0">
    <ignored/>
  </testcase> <!-- ChatByEmail -->
  <testcase classname="Grouping.GroupingTesting" name="Upgrade" time="0.0">
    <ignored/>
  </testcase> <!-- Upgrade -->
  <testcase classname="Grouping.LoginTest" name="LoginByFacebook" time="0.0">
    <ignored/>
  </testcase> <!-- LoginByFacebook -->
  <testcase classname="Grouping.ChatTest" name="ChatByInstgram" time="0.0">
    <ignored/>
  </testcase> <!-- ChatByInstgram -->
  <testcase classname="Grouping.ChatTest" name="ChatByFacebook" time="0.0">
    <ignored/>
  </testcase> <!-- ChatByFacebook -->
  <testcase classname="Grouping.LoginTest" name="LoginByEmail" time="0.0">
    <ignored/>
  </testcase> <!-- LoginByEmail -->
</testsuite> <!-- GroupingTest -->
