<?xml version="1.0" encoding="UTF-8"?>
<!-- Generated by org.testng.reporters.JUnitXMLReporter -->
<testsuite ignored="0" hostname="DESKTOP-MA84K88" failures="2" tests="4" name="Test" time="21.693" errors="0" timestamp="2025-07-19T17:38:14 IST">
  <testcase classname="ListenerReport.TestCase" name="Launching" time="12.605"/>
  <testcase classname="ListenerReport.TestCase" name="Login" time="6.568"/>
  <testcase classname="ListenerReport.TestCase" name="Help" time="2.039">
    <failure type="java.lang.AssertionError" message="expected [true] but found [[[ChromeDriver: chrome on windows (ebe7de5d047b05f79d418f1c5bcb550f)] -&amp;gt; xpath: //i[@class=&amp;apos;oxd-icon bi-question-lg&amp;apos;]]]">
      <![CDATA[java.lang.AssertionError: expected [true] but found [[[ChromeDriver: chrome on windows (ebe7de5d047b05f79d418f1c5bcb550f)] -> xpath: //i[@class='oxd-icon bi-question-lg']]]
at ListenerReport.TestCase.Help(TestCase.java:38)
at java.base/java.util.ArrayList.forEach(ArrayList.java:1604)
... Removed 30 stack frames]]>
    </failure>
  </testcase> <!-- Help -->
  <testcase classname="ListenerReport.TestCase" name="Help" time="2.048">
    <failure type="java.lang.NullPointerException" message="Cannot invoke &amp;quot;org.openqa.selenium.TakesScreenshot.getScreenshotAs(org.openqa.selenium.OutputType)&amp;quot; because &amp;quot;ts&amp;quot; is null">
      <![CDATA[java.lang.NullPointerException: Cannot invoke "org.openqa.selenium.TakesScreenshot.getScreenshotAs(org.openqa.selenium.OutputType)" because "ts" is null
at ListenerReport.ExtentReportManager.onTestFailure(ExtentReportManager.java:82)
at java.base/java.util.ArrayList.forEach(ArrayList.java:1604)
... Removed 24 stack frames]]>
    </failure>
  </testcase> <!-- Help -->
</testsuite> <!-- Test -->
